{"/Users/gead/learning/PasswordAssistance/App/Components/AlertMessage.js": {"path":"/Users/gead/learning/PasswordAssistance/App/Components/AlertMessage.js","statementMap":{"0":{"start":{"line":17,"column":27},"end":{"line":17,"column":31}},"1":{"start":{"line":18,"column":4},"end":{"line":29,"column":5}},"2":{"start":{"line":19,"column":24},"end":{"line":19,"column":34}},"3":{"start":{"line":20,"column":6},"end":{"line":28,"column":7}},"4":{"start":{"line":31,"column":4},"end":{"line":31,"column":27}}},"fnMap":{"0":{"name":"(anonymous_0)","decl":{"start":{"line":16,"column":2},"end":{"line":16,"column":3}},"loc":{"start":{"line":16,"column":12},"end":{"line":32,"column":3}},"line":16}},"branchMap":{"0":{"loc":{"start":{"line":18,"column":4},"end":{"line":29,"column":5}},"type":"if","locations":[{"start":{"line":18,"column":4},"end":{"line":29,"column":5}},{"start":{"line":18,"column":4},"end":{"line":29,"column":5}}],"line":18},"1":{"loc":{"start":{"line":25,"column":67},"end":{"line":25,"column":95}},"type":"binary-expr","locations":[{"start":{"line":25,"column":67},"end":{"line":25,"column":72}},{"start":{"line":25,"column":76},"end":{"line":25,"column":95}}],"line":25}},"s":{"0":6,"1":6,"2":4,"3":4,"4":2},"f":{"0":6},"b":{"0":[4,2],"1":[4,4]},"_coverageSchema":"332fd63041d2c1bcb487cc26dd0d5f7d97098a6c","hash":"c360702a15846a9ecb486bd92ff2bd708ec3d1c5"}
,"/Users/gead/learning/PasswordAssistance/App/Components/AlertMessage.story.js": {"path":"/Users/gead/learning/PasswordAssistance/App/Components/AlertMessage.story.js","statementMap":{"0":{"start":{"line":6,"column":0},"end":{"line":23,"column":4}},"1":{"start":{"line":8,"column":4},"end":{"line":10,"column":6}},"2":{"start":{"line":13,"column":4},"end":{"line":16,"column":6}},"3":{"start":{"line":19,"column":4},"end":{"line":22,"column":6}}},"fnMap":{"0":{"name":"(anonymous_0)","decl":{"start":{"line":7,"column":18},"end":{"line":7,"column":19}},"loc":{"start":{"line":8,"column":4},"end":{"line":10,"column":6}},"line":8},"1":{"name":"(anonymous_1)","decl":{"start":{"line":12,"column":17},"end":{"line":12,"column":18}},"loc":{"start":{"line":13,"column":4},"end":{"line":16,"column":6}},"line":13},"2":{"name":"(anonymous_2)","decl":{"start":{"line":18,"column":23},"end":{"line":18,"column":24}},"loc":{"start":{"line":19,"column":4},"end":{"line":22,"column":6}},"line":19}},"branchMap":{},"s":{"0":1,"1":1,"2":1,"3":1},"f":{"0":1,"1":1,"2":1},"b":{},"_coverageSchema":"332fd63041d2c1bcb487cc26dd0d5f7d97098a6c","hash":"367dd5bd151550261d757a82ff10b653ee7b09be"}
,"/Users/gead/learning/PasswordAssistance/App/Components/DrawerButton.js": {"path":"/Users/gead/learning/PasswordAssistance/App/Components/DrawerButton.js","statementMap":{"0":{"start":{"line":27,"column":4},"end":{"line":31,"column":5}}},"fnMap":{"0":{"name":"(anonymous_0)","decl":{"start":{"line":26,"column":2},"end":{"line":26,"column":3}},"loc":{"start":{"line":26,"column":12},"end":{"line":32,"column":3}},"line":26}},"branchMap":{},"s":{"0":3},"f":{"0":3},"b":{},"_coverageSchema":"332fd63041d2c1bcb487cc26dd0d5f7d97098a6c","hash":"525110c2a042db2b91b92b1bceadc4636b2b1751"}
,"/Users/gead/learning/PasswordAssistance/App/Components/DrawerButton.story.js": {"path":"/Users/gead/learning/PasswordAssistance/App/Components/DrawerButton.story.js","statementMap":{"0":{"start":{"line":7,"column":0},"end":{"line":15,"column":4}},"1":{"start":{"line":9,"column":4},"end":{"line":14,"column":11}}},"fnMap":{"0":{"name":"(anonymous_0)","decl":{"start":{"line":8,"column":18},"end":{"line":8,"column":19}},"loc":{"start":{"line":9,"column":4},"end":{"line":14,"column":11}},"line":9},"1":{"name":"(anonymous_1)","decl":{"start":{"line":12,"column":17},"end":{"line":12,"column":18}},"loc":{"start":{"line":12,"column":23},"end":{"line":12,"column":26}},"line":12}},"branchMap":{},"s":{"0":1,"1":1},"f":{"0":1,"1":0},"b":{},"_coverageSchema":"332fd63041d2c1bcb487cc26dd0d5f7d97098a6c","hash":"6576209a497e58e1905e802cfc89422ead9a2b07"}
,"/Users/gead/learning/PasswordAssistance/App/Components/FullButton.js": {"path":"/Users/gead/learning/PasswordAssistance/App/Components/FullButton.js","statementMap":{"0":{"start":{"line":28,"column":4},"end":{"line":32,"column":5}}},"fnMap":{"0":{"name":"(anonymous_0)","decl":{"start":{"line":27,"column":2},"end":{"line":27,"column":3}},"loc":{"start":{"line":27,"column":12},"end":{"line":33,"column":3}},"line":27}},"branchMap":{"0":{"loc":{"start":{"line":30,"column":41},"end":{"line":30,"column":89}},"type":"binary-expr","locations":[{"start":{"line":30,"column":41},"end":{"line":30,"column":56}},{"start":{"line":30,"column":60},"end":{"line":30,"column":89}}],"line":30}},"s":{"0":4},"f":{"0":4},"b":{"0":[4,4]},"_coverageSchema":"332fd63041d2c1bcb487cc26dd0d5f7d97098a6c","hash":"4a50bc550afd64a895330a231bbd651e39fe7598"}
,"/Users/gead/learning/PasswordAssistance/App/Components/FullButton.story.js": {"path":"/Users/gead/learning/PasswordAssistance/App/Components/FullButton.story.js","statementMap":{"0":{"start":{"line":6,"column":0},"end":{"line":17,"column":4}},"1":{"start":{"line":8,"column":4},"end":{"line":10,"column":6}},"2":{"start":{"line":13,"column":4},"end":{"line":16,"column":6}}},"fnMap":{"0":{"name":"(anonymous_0)","decl":{"start":{"line":7,"column":18},"end":{"line":7,"column":19}},"loc":{"start":{"line":8,"column":4},"end":{"line":10,"column":6}},"line":8},"1":{"name":"(anonymous_1)","decl":{"start":{"line":12,"column":23},"end":{"line":12,"column":24}},"loc":{"start":{"line":13,"column":4},"end":{"line":16,"column":6}},"line":13}},"branchMap":{},"s":{"0":1,"1":1,"2":1},"f":{"0":1,"1":1},"b":{},"_coverageSchema":"332fd63041d2c1bcb487cc26dd0d5f7d97098a6c","hash":"52e709a35da7188173fc475d3c75f17559d2aa3c"}
,"/Users/gead/learning/PasswordAssistance/App/Components/RoundedButton.js": {"path":"/Users/gead/learning/PasswordAssistance/App/Components/RoundedButton.js","statementMap":{"0":{"start":{"line":29,"column":23},"end":{"line":29,"column":67}},"1":{"start":{"line":30,"column":4},"end":{"line":30,"column":35}},"2":{"start":{"line":34,"column":4},"end":{"line":38,"column":5}}},"fnMap":{"0":{"name":"(anonymous_0)","decl":{"start":{"line":28,"column":2},"end":{"line":28,"column":3}},"loc":{"start":{"line":28,"column":13},"end":{"line":31,"column":3}},"line":28},"1":{"name":"(anonymous_1)","decl":{"start":{"line":33,"column":2},"end":{"line":33,"column":3}},"loc":{"start":{"line":33,"column":12},"end":{"line":39,"column":3}},"line":33}},"branchMap":{"0":{"loc":{"start":{"line":29,"column":23},"end":{"line":29,"column":67}},"type":"binary-expr","locations":[{"start":{"line":29,"column":23},"end":{"line":29,"column":38}},{"start":{"line":29,"column":42},"end":{"line":29,"column":61}},{"start":{"line":29,"column":65},"end":{"line":29,"column":67}}],"line":29}},"s":{"0":5,"1":5,"2":5},"f":{"0":5,"1":5},"b":{"0":[5,2,0]},"_coverageSchema":"332fd63041d2c1bcb487cc26dd0d5f7d97098a6c","hash":"dd424ba5f6ba8900c0fd0866fd53aea3804e4ee6"}
,"/Users/gead/learning/PasswordAssistance/App/Components/RoundedButton.story.js": {"path":"/Users/gead/learning/PasswordAssistance/App/Components/RoundedButton.story.js","statementMap":{"0":{"start":{"line":6,"column":0},"end":{"line":16,"column":4}},"1":{"start":{"line":8,"column":4},"end":{"line":10,"column":6}},"2":{"start":{"line":13,"column":4},"end":{"line":15,"column":20}}},"fnMap":{"0":{"name":"(anonymous_0)","decl":{"start":{"line":7,"column":18},"end":{"line":7,"column":19}},"loc":{"start":{"line":8,"column":4},"end":{"line":10,"column":6}},"line":8},"1":{"name":"(anonymous_1)","decl":{"start":{"line":12,"column":27},"end":{"line":12,"column":28}},"loc":{"start":{"line":13,"column":4},"end":{"line":15,"column":20}},"line":13}},"branchMap":{},"s":{"0":1,"1":1,"2":1},"f":{"0":1,"1":1},"b":{},"_coverageSchema":"332fd63041d2c1bcb487cc26dd0d5f7d97098a6c","hash":"98e1d503d0ff966f1a40dc71b0bd84667c7af580"}
,"/Users/gead/learning/PasswordAssistance/App/Components/Stories.js": {"path":"/Users/gead/learning/PasswordAssistance/App/Components/Stories.js","statementMap":{},"fnMap":{},"branchMap":{},"s":{},"f":{},"b":{},"_coverageSchema":"332fd63041d2c1bcb487cc26dd0d5f7d97098a6c","hash":"715c5360cb6d2ac8592ac0409afe5d0d199139d8"}
,"/Users/gead/learning/PasswordAssistance/App/Components/Styles/AlertMessageStyles.js": {"path":"/Users/gead/learning/PasswordAssistance/App/Components/Styles/AlertMessageStyles.js","statementMap":{},"fnMap":{},"branchMap":{},"s":{},"f":{},"b":{},"_coverageSchema":"332fd63041d2c1bcb487cc26dd0d5f7d97098a6c","hash":"2db963f5a3789029dfad74c2471ca402c9276e32"}
,"/Users/gead/learning/PasswordAssistance/App/Components/Styles/DrawerButtonStyles.js": {"path":"/Users/gead/learning/PasswordAssistance/App/Components/Styles/DrawerButtonStyles.js","statementMap":{},"fnMap":{},"branchMap":{},"s":{},"f":{},"b":{},"_coverageSchema":"332fd63041d2c1bcb487cc26dd0d5f7d97098a6c","hash":"a0d594f60da5c64e48e8f76500c859d94e320fc6"}
,"/Users/gead/learning/PasswordAssistance/App/Components/Styles/FullButtonStyles.js": {"path":"/Users/gead/learning/PasswordAssistance/App/Components/Styles/FullButtonStyles.js","statementMap":{},"fnMap":{},"branchMap":{},"s":{},"f":{},"b":{},"_coverageSchema":"332fd63041d2c1bcb487cc26dd0d5f7d97098a6c","hash":"3feae71883e5fe5358bc6517c122c5a2a26a8d0f"}
,"/Users/gead/learning/PasswordAssistance/App/Components/Styles/RoundedButtonStyles.js": {"path":"/Users/gead/learning/PasswordAssistance/App/Components/Styles/RoundedButtonStyles.js","statementMap":{},"fnMap":{},"branchMap":{},"s":{},"f":{},"b":{},"_coverageSchema":"332fd63041d2c1bcb487cc26dd0d5f7d97098a6c","hash":"6f0524409fd224d6f323cf439d25f1a20fe3ca51"}
,"/Users/gead/learning/PasswordAssistance/App/Config/DebugConfig.js": {"path":"/Users/gead/learning/PasswordAssistance/App/Config/DebugConfig.js","statementMap":{},"fnMap":{},"branchMap":{},"s":{},"f":{},"b":{},"_coverageSchema":"332fd63041d2c1bcb487cc26dd0d5f7d97098a6c","hash":"9dfcc9ae3fef79639fe13540c83c97cbb24af4ac"}
,"/Users/gead/learning/PasswordAssistance/App/Redux/GithubRedux.js": {"path":"/Users/gead/learning/PasswordAssistance/App/Redux/GithubRedux.js","statementMap":{"0":{"start":{"line":6,"column":28},"end":{"line":10,"column":2}},"1":{"start":{"line":12,"column":27},"end":{"line":12,"column":32}},"2":{"start":{"line":17,"column":29},"end":{"line":22,"column":2}},"3":{"start":{"line":26,"column":31},"end":{"line":28,"column":1}},"4":{"start":{"line":27,"column":25},"end":{"line":27,"column":44}},"5":{"start":{"line":33,"column":23},"end":{"line":34,"column":57}},"6":{"start":{"line":34,"column":2},"end":{"line":34,"column":57}},"7":{"start":{"line":37,"column":23},"end":{"line":40,"column":1}},"8":{"start":{"line":38,"column":21},"end":{"line":38,"column":27}},"9":{"start":{"line":39,"column":2},"end":{"line":39,"column":62}},"10":{"start":{"line":43,"column":23},"end":{"line":44,"column":61}},"11":{"start":{"line":44,"column":2},"end":{"line":44,"column":61}},"12":{"start":{"line":48,"column":23},"end":{"line":52,"column":2}}},"fnMap":{"0":{"name":"(anonymous_0)","decl":{"start":{"line":27,"column":16},"end":{"line":27,"column":17}},"loc":{"start":{"line":27,"column":25},"end":{"line":27,"column":44}},"line":27},"1":{"name":"(anonymous_1)","decl":{"start":{"line":33,"column":23},"end":{"line":33,"column":24}},"loc":{"start":{"line":34,"column":2},"end":{"line":34,"column":57}},"line":34},"2":{"name":"(anonymous_2)","decl":{"start":{"line":37,"column":23},"end":{"line":37,"column":24}},"loc":{"start":{"line":37,"column":42},"end":{"line":40,"column":1}},"line":37},"3":{"name":"(anonymous_3)","decl":{"start":{"line":43,"column":23},"end":{"line":43,"column":24}},"loc":{"start":{"line":44,"column":2},"end":{"line":44,"column":61}},"line":44}},"branchMap":{},"s":{"0":3,"1":3,"2":3,"3":3,"4":0,"5":3,"6":1,"7":3,"8":1,"9":1,"10":3,"11":1,"12":3},"f":{"0":0,"1":1,"2":1,"3":1},"b":{},"_coverageSchema":"332fd63041d2c1bcb487cc26dd0d5f7d97098a6c","hash":"2a41a04cb9b822644bb6bb10ca12788906f376b3"}
,"/Users/gead/learning/PasswordAssistance/App/Sagas/GithubSagas.js": {"path":"/Users/gead/learning/PasswordAssistance/App/Sagas/GithubSagas.js","statementMap":{"0":{"start":{"line":6,"column":23},"end":{"line":6,"column":29}},"1":{"start":{"line":8,"column":19},"end":{"line":8,"column":52}},"2":{"start":{"line":10,"column":2},"end":{"line":17,"column":3}},"3":{"start":{"line":11,"column":22},"end":{"line":11,"column":58}},"4":{"start":{"line":12,"column":19},"end":{"line":12,"column":39}},"5":{"start":{"line":14,"column":4},"end":{"line":14,"column":48}},"6":{"start":{"line":16,"column":4},"end":{"line":16,"column":42}}},"fnMap":{"0":{"name":"getUserAvatar","decl":{"start":{"line":5,"column":18},"end":{"line":5,"column":31}},"loc":{"start":{"line":5,"column":46},"end":{"line":18,"column":1}},"line":5}},"branchMap":{"0":{"loc":{"start":{"line":10,"column":2},"end":{"line":17,"column":3}},"type":"if","locations":[{"start":{"line":10,"column":2},"end":{"line":17,"column":3}},{"start":{"line":10,"column":2},"end":{"line":17,"column":3}}],"line":10}},"s":{"0":3,"1":3,"2":2,"3":1,"4":1,"5":1,"6":1},"f":{"0":3},"b":{"0":[1,1]},"_coverageSchema":"332fd63041d2c1bcb487cc26dd0d5f7d97098a6c","hash":"ad0d4ca5c6f374bbe6f95fb3cf1dea48d3d75c74"}
,"/Users/gead/learning/PasswordAssistance/App/Sagas/StartupSagas.js": {"path":"/Users/gead/learning/PasswordAssistance/App/Sagas/StartupSagas.js","statementMap":{"0":{"start":{"line":6,"column":28},"end":{"line":6,"column":56}},"1":{"start":{"line":10,"column":2},"end":{"line":34,"column":3}},"2":{"start":{"line":12,"column":4},"end":{"line":12,"column":76}},"3":{"start":{"line":15,"column":4},"end":{"line":18,"column":6}},"4":{"start":{"line":21,"column":22},"end":{"line":21,"column":53}},"5":{"start":{"line":22,"column":4},"end":{"line":22,"column":44}},"6":{"start":{"line":23,"column":4},"end":{"line":33,"column":6}},"7":{"start":{"line":29,"column":34},"end":{"line":29,"column":38}},"8":{"start":{"line":35,"column":17},"end":{"line":35,"column":43}},"9":{"start":{"line":37,"column":2},"end":{"line":39,"column":3}},"10":{"start":{"line":38,"column":4},"end":{"line":38,"column":51}}},"fnMap":{"0":{"name":"startup","decl":{"start":{"line":9,"column":18},"end":{"line":9,"column":25}},"loc":{"start":{"line":9,"column":35},"end":{"line":40,"column":1}},"line":9},"1":{"name":"(anonymous_1)","decl":{"start":{"line":29,"column":28},"end":{"line":29,"column":29}},"loc":{"start":{"line":29,"column":34},"end":{"line":29,"column":38}},"line":29}},"branchMap":{"0":{"loc":{"start":{"line":10,"column":2},"end":{"line":34,"column":3}},"type":"if","locations":[{"start":{"line":10,"column":2},"end":{"line":34,"column":3}},{"start":{"line":10,"column":2},"end":{"line":34,"column":3}}],"line":10},"1":{"loc":{"start":{"line":10,"column":6},"end":{"line":10,"column":29}},"type":"binary-expr","locations":[{"start":{"line":10,"column":6},"end":{"line":10,"column":13}},{"start":{"line":10,"column":17},"end":{"line":10,"column":29}}],"line":10},"2":{"loc":{"start":{"line":37,"column":2},"end":{"line":39,"column":3}},"type":"if","locations":[{"start":{"line":37,"column":2},"end":{"line":39,"column":3}},{"start":{"line":37,"column":2},"end":{"line":39,"column":3}}],"line":37}},"s":{"0":1,"1":1,"2":0,"3":0,"4":0,"5":0,"6":0,"7":0,"8":1,"9":1,"10":1},"f":{"0":1,"1":0},"b":{"0":[0,1],"1":[1,1],"2":[1,0]},"_coverageSchema":"332fd63041d2c1bcb487cc26dd0d5f7d97098a6c","hash":"4e6081fefb04a9dae9af35353683faec3dc8ab37"}
,"/Users/gead/learning/PasswordAssistance/App/Services/Api.js": {"path":"/Users/gead/learning/PasswordAssistance/App/Services/Api.js","statementMap":{"0":{"start":{"line":5,"column":15},"end":{"line":59,"column":1}},"1":{"start":{"line":12,"column":14},"end":{"line":21,"column":4}},"2":{"start":{"line":37,"column":18},"end":{"line":37,"column":35}},"3":{"start":{"line":37,"column":24},"end":{"line":37,"column":35}},"4":{"start":{"line":38,"column":18},"end":{"line":38,"column":45}},"5":{"start":{"line":38,"column":24},"end":{"line":38,"column":45}},"6":{"start":{"line":39,"column":18},"end":{"line":39,"column":70}},"7":{"start":{"line":39,"column":32},"end":{"line":39,"column":70}},"8":{"start":{"line":53,"column":2},"end":{"line":58,"column":3}}},"fnMap":{"0":{"name":"(anonymous_0)","decl":{"start":{"line":5,"column":15},"end":{"line":5,"column":16}},"loc":{"start":{"line":5,"column":56},"end":{"line":59,"column":1}},"line":5},"1":{"name":"(anonymous_1)","decl":{"start":{"line":37,"column":18},"end":{"line":37,"column":19}},"loc":{"start":{"line":37,"column":24},"end":{"line":37,"column":35}},"line":37},"2":{"name":"(anonymous_2)","decl":{"start":{"line":38,"column":18},"end":{"line":38,"column":19}},"loc":{"start":{"line":38,"column":24},"end":{"line":38,"column":45}},"line":38},"3":{"name":"(anonymous_3)","decl":{"start":{"line":39,"column":18},"end":{"line":39,"column":19}},"loc":{"start":{"line":39,"column":32},"end":{"line":39,"column":70}},"line":39}},"branchMap":{"0":{"loc":{"start":{"line":5,"column":16},"end":{"line":5,"column":51}},"type":"default-arg","locations":[{"start":{"line":5,"column":26},"end":{"line":5,"column":51}}],"line":5}},"s":{"0":1,"1":1,"2":1,"3":0,"4":1,"5":0,"6":1,"7":0,"8":1},"f":{"0":1,"1":0,"2":0,"3":0},"b":{"0":[1]},"_coverageSchema":"332fd63041d2c1bcb487cc26dd0d5f7d97098a6c","hash":"b13963c66821ef8549ed4579fe2e58ba5adf6f46"}
,"/Users/gead/learning/PasswordAssistance/App/Services/ExamplesRegistry.js": {"path":"/Users/gead/learning/PasswordAssistance/App/Services/ExamplesRegistry.js","statementMap":{"0":{"start":{"line":6,"column":38},"end":{"line":6,"column":40}},"1":{"start":{"line":7,"column":35},"end":{"line":7,"column":37}},"2":{"start":{"line":9,"column":35},"end":{"line":9,"column":153}},"3":{"start":{"line":9,"column":66},"end":{"line":9,"column":151}},"4":{"start":{"line":9,"column":99},"end":{"line":9,"column":151}},"5":{"start":{"line":11,"column":32},"end":{"line":11,"column":147}},"6":{"start":{"line":11,"column":63},"end":{"line":11,"column":145}},"7":{"start":{"line":11,"column":96},"end":{"line":11,"column":145}},"8":{"start":{"line":13,"column":31},"end":{"line":22,"column":1}},"9":{"start":{"line":14,"column":2},"end":{"line":21,"column":3}},"10":{"start":{"line":24,"column":28},"end":{"line":33,"column":1}},"11":{"start":{"line":25,"column":2},"end":{"line":32,"column":3}},"12":{"start":{"line":35,"column":39},"end":{"line":35,"column":107}},"13":{"start":{"line":35,"column":45},"end":{"line":35,"column":107}},"14":{"start":{"line":37,"column":36},"end":{"line":37,"column":98}},"15":{"start":{"line":37,"column":42},"end":{"line":37,"column":98}}},"fnMap":{"0":{"name":"(anonymous_0)","decl":{"start":{"line":9,"column":35},"end":{"line":9,"column":36}},"loc":{"start":{"line":9,"column":64},"end":{"line":9,"column":153}},"line":9},"1":{"name":"(anonymous_1)","decl":{"start":{"line":9,"column":51},"end":{"line":9,"column":52}},"loc":{"start":{"line":9,"column":57},"end":{"line":9,"column":59}},"line":9},"2":{"name":"(anonymous_2)","decl":{"start":{"line":11,"column":32},"end":{"line":11,"column":33}},"loc":{"start":{"line":11,"column":61},"end":{"line":11,"column":147}},"line":11},"3":{"name":"(anonymous_3)","decl":{"start":{"line":11,"column":48},"end":{"line":11,"column":49}},"loc":{"start":{"line":11,"column":54},"end":{"line":11,"column":56}},"line":11},"4":{"name":"(anonymous_4)","decl":{"start":{"line":13,"column":31},"end":{"line":13,"column":32}},"loc":{"start":{"line":13,"column":44},"end":{"line":22,"column":1}},"line":13},"5":{"name":"(anonymous_5)","decl":{"start":{"line":24,"column":28},"end":{"line":24,"column":29}},"loc":{"start":{"line":24,"column":41},"end":{"line":33,"column":1}},"line":24},"6":{"name":"(anonymous_6)","decl":{"start":{"line":35,"column":39},"end":{"line":35,"column":40}},"loc":{"start":{"line":35,"column":45},"end":{"line":35,"column":107}},"line":35},"7":{"name":"(anonymous_7)","decl":{"start":{"line":37,"column":36},"end":{"line":37,"column":37}},"loc":{"start":{"line":37,"column":42},"end":{"line":37,"column":98}},"line":37}},"branchMap":{"0":{"loc":{"start":{"line":9,"column":43},"end":{"line":9,"column":59}},"type":"default-arg","locations":[{"start":{"line":9,"column":51},"end":{"line":9,"column":59}}],"line":9},"1":{"loc":{"start":{"line":9,"column":66},"end":{"line":9,"column":151}},"type":"if","locations":[{"start":{"line":9,"column":66},"end":{"line":9,"column":151}},{"start":{"line":9,"column":66},"end":{"line":9,"column":151}}],"line":9},"2":{"loc":{"start":{"line":11,"column":40},"end":{"line":11,"column":56}},"type":"default-arg","locations":[{"start":{"line":11,"column":48},"end":{"line":11,"column":56}}],"line":11},"3":{"loc":{"start":{"line":11,"column":63},"end":{"line":11,"column":145}},"type":"if","locations":[{"start":{"line":11,"column":63},"end":{"line":11,"column":145}},{"start":{"line":11,"column":63},"end":{"line":11,"column":145}}],"line":11}},"s":{"0":4,"1":4,"2":4,"3":6,"4":6,"5":4,"6":0,"7":0,"8":4,"9":0,"10":4,"11":0,"12":4,"13":0,"14":4,"15":0},"f":{"0":6,"1":0,"2":0,"3":0,"4":0,"5":0,"6":0,"7":0},"b":{"0":[0],"1":[6,0],"2":[0],"3":[0,0]},"_coverageSchema":"332fd63041d2c1bcb487cc26dd0d5f7d97098a6c","hash":"29dc14a748fe2d8396aa393ce257a28f2aef2d81"}
,"/Users/gead/learning/PasswordAssistance/App/Services/FixtureApi.js": {"path":"/Users/gead/learning/PasswordAssistance/App/Services/FixtureApi.js","statementMap":{"0":{"start":{"line":4,"column":4},"end":{"line":7,"column":5}},"1":{"start":{"line":10,"column":4},"end":{"line":13,"column":5}},"2":{"start":{"line":17,"column":24},"end":{"line":17,"column":59}},"3":{"start":{"line":18,"column":25},"end":{"line":18,"column":61}},"4":{"start":{"line":19,"column":4},"end":{"line":22,"column":5}}},"fnMap":{"0":{"name":"(anonymous_0)","decl":{"start":{"line":3,"column":11},"end":{"line":3,"column":12}},"loc":{"start":{"line":3,"column":17},"end":{"line":8,"column":3}},"line":3},"1":{"name":"(anonymous_1)","decl":{"start":{"line":9,"column":11},"end":{"line":9,"column":12}},"loc":{"start":{"line":9,"column":17},"end":{"line":14,"column":3}},"line":9},"2":{"name":"(anonymous_2)","decl":{"start":{"line":15,"column":11},"end":{"line":15,"column":12}},"loc":{"start":{"line":15,"column":25},"end":{"line":23,"column":3}},"line":15}},"branchMap":{"0":{"loc":{"start":{"line":21,"column":12},"end":{"line":21,"column":77}},"type":"cond-expr","locations":[{"start":{"line":21,"column":51},"end":{"line":21,"column":62}},{"start":{"line":21,"column":65},"end":{"line":21,"column":77}}],"line":21}},"s":{"0":0,"1":1,"2":3,"3":3,"4":3},"f":{"0":0,"1":1,"2":3},"b":{"0":[1,2]},"_coverageSchema":"332fd63041d2c1bcb487cc26dd0d5f7d97098a6c","hash":"f75432a066764babf9662c47a96f85fb26bf898f"}
,"/Users/gead/learning/PasswordAssistance/App/Themes/ApplicationStyles.js": {"path":"/Users/gead/learning/PasswordAssistance/App/Themes/ApplicationStyles.js","statementMap":{"0":{"start":{"line":8,"column":26},"end":{"line":78,"column":1}}},"fnMap":{},"branchMap":{},"s":{"0":5},"f":{},"b":{},"_coverageSchema":"332fd63041d2c1bcb487cc26dd0d5f7d97098a6c","hash":"37c04ed9312e6c361176e639cbfdce4d9434ae95"}
,"/Users/gead/learning/PasswordAssistance/App/Themes/Colors.js": {"path":"/Users/gead/learning/PasswordAssistance/App/Themes/Colors.js","statementMap":{"0":{"start":{"line":1,"column":15},"end":{"line":25,"column":1}}},"fnMap":{},"branchMap":{},"s":{"0":5},"f":{},"b":{},"_coverageSchema":"332fd63041d2c1bcb487cc26dd0d5f7d97098a6c","hash":"889b85fa0e472563555884ff7931d7e79c6f90fc"}
,"/Users/gead/learning/PasswordAssistance/App/Themes/Fonts.js": {"path":"/Users/gead/learning/PasswordAssistance/App/Themes/Fonts.js","statementMap":{"0":{"start":{"line":1,"column":13},"end":{"line":5,"column":1}},"1":{"start":{"line":7,"column":13},"end":{"line":19,"column":1}},"2":{"start":{"line":21,"column":14},"end":{"line":54,"column":1}}},"fnMap":{},"branchMap":{},"s":{"0":5,"1":5,"2":5},"f":{},"b":{},"_coverageSchema":"332fd63041d2c1bcb487cc26dd0d5f7d97098a6c","hash":"78b02a599ac63b9b247900e226679e4ba406c7a9"}
,"/Users/gead/learning/PasswordAssistance/App/Themes/Images.js": {"path":"/Users/gead/learning/PasswordAssistance/App/Themes/Images.js","statementMap":{"0":{"start":{"line":2,"column":15},"end":{"line":24,"column":1}}},"fnMap":{},"branchMap":{},"s":{"0":5},"f":{},"b":{},"_coverageSchema":"332fd63041d2c1bcb487cc26dd0d5f7d97098a6c","hash":"72bd7938fdd47bb2c8c2b980857381971eba3fc3"}
,"/Users/gead/learning/PasswordAssistance/App/Themes/Metrics.js": {"path":"/Users/gead/learning/PasswordAssistance/App/Themes/Metrics.js","statementMap":{"0":{"start":{"line":3,"column":26},"end":{"line":3,"column":50}},"1":{"start":{"line":6,"column":16},"end":{"line":32,"column":1}}},"fnMap":{},"branchMap":{"0":{"loc":{"start":{"line":15,"column":15},"end":{"line":15,"column":46}},"type":"cond-expr","locations":[{"start":{"line":15,"column":32},"end":{"line":15,"column":37}},{"start":{"line":15,"column":40},"end":{"line":15,"column":46}}],"line":15},"1":{"loc":{"start":{"line":16,"column":16},"end":{"line":16,"column":47}},"type":"cond-expr","locations":[{"start":{"line":16,"column":33},"end":{"line":16,"column":39}},{"start":{"line":16,"column":42},"end":{"line":16,"column":47}}],"line":16},"2":{"loc":{"start":{"line":17,"column":16},"end":{"line":17,"column":49}},"type":"cond-expr","locations":[{"start":{"line":17,"column":42},"end":{"line":17,"column":44}},{"start":{"line":17,"column":47},"end":{"line":17,"column":49}}],"line":17}},"s":{"0":5,"1":5},"f":{},"b":{"0":[5,0],"1":[5,0],"2":[5,0]},"_coverageSchema":"332fd63041d2c1bcb487cc26dd0d5f7d97098a6c","hash":"51604f1df5657119d3cb00ed081ec6fd3aa471d5"}
,"/Users/gead/learning/PasswordAssistance/App/Themes/index.js": {"path":"/Users/gead/learning/PasswordAssistance/App/Themes/index.js","statementMap":{},"fnMap":{},"branchMap":{},"s":{},"f":{},"b":{},"_coverageSchema":"332fd63041d2c1bcb487cc26dd0d5f7d97098a6c","hash":"8aff5a57d52633a851ef4e6130a712b1aae7519b"}
,"/Users/gead/learning/PasswordAssistance/storybook/index.js": {"path":"/Users/gead/learning/PasswordAssistance/storybook/index.js","statementMap":{},"fnMap":{},"branchMap":{},"s":{},"f":{},"b":{},"_coverageSchema":"332fd63041d2c1bcb487cc26dd0d5f7d97098a6c","hash":"0c5e993ea884edb838d46ac9c87a64fcfe1f8def"}
,"/Users/gead/learning/PasswordAssistance/storybook/storybook.js": {"path":"/Users/gead/learning/PasswordAssistance/storybook/storybook.js","statementMap":{"0":{"start":{"line":5,"column":0},"end":{"line":7,"column":10}},"1":{"start":{"line":6,"column":2},"end":{"line":6,"column":38}},"2":{"start":{"line":11,"column":20},"end":{"line":11,"column":68}},"3":{"start":{"line":12,"column":0},"end":{"line":12,"column":70}},"4":{"start":{"line":12,"column":58},"end":{"line":12,"column":69}}},"fnMap":{"0":{"name":"(anonymous_0)","decl":{"start":{"line":5,"column":10},"end":{"line":5,"column":11}},"loc":{"start":{"line":5,"column":16},"end":{"line":7,"column":1}},"line":5},"1":{"name":"(anonymous_1)","decl":{"start":{"line":12,"column":52},"end":{"line":12,"column":53}},"loc":{"start":{"line":12,"column":58},"end":{"line":12,"column":69}},"line":12}},"branchMap":{},"s":{"0":1,"1":1,"2":1,"3":1,"4":0},"f":{"0":1,"1":0},"b":{},"_coverageSchema":"332fd63041d2c1bcb487cc26dd0d5f7d97098a6c","hash":"48ee7d0b1dbb336030551de87774826e26cd790a"}
}
